
2015-04-12 02:16:23...Begin System Check Process *************
2015-04-12 02:16:23...XML Parsing Support Found
2015-04-12 02:16:23...MBString Support Found
2015-04-12 02:16:23...ZIP Support Found
2015-04-12 02:16:23.../custom directory and subdirectory check passed
2015-04-12 02:16:23...cache directory and subdirectory check passed
2015-04-12 02:16:23.../module  directory and subdirectory check passed
2015-04-12 02:16:23.../upload directory check passed
2015-04-12 02:16:23.../zip check passed
2015-04-12 02:16:23...PCRE version check passed
2015-04-12 02:16:23...installerHook: Could not find custom/install/install_hooks.php
2015-04-12 02:16:23...php.ini location found. /Applications/XAMPP/xamppfiles/etc/php.ini
2015-04-12 02:16:23...Outputting HTML for System check
2015-04-12 02:16:23...No Errors were found *************
2015-04-12 02:16:25...installerHook: Could not find custom/install/install_hooks.php
2015-04-12 02:16:29...installerHook: Could not find custom/install/install_hooks.php
2015-04-12 02:16:32...installerHook: Could not find custom/install/install_hooks.php
2015-04-12 02:16:54...Begin DB Check Process *************
2015-04-12 02:16:54...testing with mysql:mysqli
2015-04-12 02:16:54...Basic form info is valid, continuing Process.
2015-04-12 02:16:54...Testing user account...
2015-04-12 02:16:54...Connection made using  host: localhost, usr: root
2015-04-12 02:16:54...Testing priviliged account...
2015-04-12 02:16:54...Connection made using  host: localhost, usr: root
2015-04-12 02:16:54...DB not selected, will create fzglsys
2015-04-12 02:16:54...Passed DB install check
2015-04-12 02:16:54...SUCCESS:: no errors detected!
2015-04-12 02:16:54...End DB Check Process *************
2015-04-12 02:16:54...installerHook: Could not find custom/install/install_hooks.php
2015-04-12 02:17:19...installerHook: Could not find custom/install/install_hooks.php
2015-04-12 02:17:24...installerHook: Could not find custom/install/install_hooks.php
2015-04-12 02:17:29...installerHook: Could not find custom/install/install_hooks.php
2015-04-12 02:17:29...calling handleSugarConfig()
2015-04-12 02:17:29...calling handleLog4Php()
2015-04-12 02:17:29...calling handleHtaccess()
2015-04-12 02:17:29...calling handleDbCreateDatabase()
2015-04-12 02:17:29...looping through all the Beans and create their tables
2015-04-12 02:17:29...processing table acl_actions
2015-04-12 02:17:29...creating table acl_actions
2015-04-12 02:17:29...creating Relationship Meta for ACLAction
2015-04-12 02:17:29...processing table acl_roles
2015-04-12 02:17:29...creating table acl_roles
2015-04-12 02:17:29...creating Relationship Meta for ACLRole
2015-04-12 02:17:29...processing table relationships
2015-04-12 02:17:29...creating table relationships
2015-04-12 02:17:29...creating Relationship Meta for Relationship
2015-04-12 02:17:29...processing table leads
2015-04-12 02:17:30...creating table leads
2015-04-12 02:17:30...creating Relationship Meta for Lead
2015-04-12 02:17:30...processing table cases
2015-04-12 02:17:30...creating table cases
2015-04-12 02:17:30...creating Relationship Meta for Case
2015-04-12 02:17:30...processing table bugs
2015-04-12 02:17:31...creating table bugs
2015-04-12 02:17:31...creating Relationship Meta for Bug
2015-04-12 02:17:31...processing table users
2015-04-12 02:17:31...creating table users
2015-04-12 02:17:31...creating Relationship Meta for User
2015-04-12 02:17:31...processing table campaign_log
2015-04-12 02:17:31...creating table campaign_log
2015-04-12 02:17:31...creating Relationship Meta for CampaignLog
2015-04-12 02:17:32...processing table project
2015-04-12 02:17:32...creating table project
2015-04-12 02:17:32...creating Relationship Meta for Project
2015-04-12 02:17:32...processing table project_task
2015-04-12 02:17:32...creating table project_task
2015-04-12 02:17:32...creating Relationship Meta for ProjectTask
2015-04-12 02:17:32...processing table campaigns
2015-04-12 02:17:33...creating table campaigns
2015-04-12 02:17:33...creating Relationship Meta for Campaign
2015-04-12 02:17:33...processing table prospect_lists
2015-04-12 02:17:33...creating table prospect_lists
2015-04-12 02:17:33...creating Relationship Meta for ProspectList
2015-04-12 02:17:33...processing table prospects
2015-04-12 02:17:34...creating table prospects
2015-04-12 02:17:34...creating Relationship Meta for Prospect
2015-04-12 02:17:34...processing table email_marketing
2015-04-12 02:17:34...creating table email_marketing
2015-04-12 02:17:34...creating Relationship Meta for EmailMarketing
2015-04-12 02:17:34...processing table campaign_trkrs
2015-04-12 02:17:34...creating table campaign_trkrs
2015-04-12 02:17:34...creating Relationship Meta for CampaignTracker
2015-04-12 02:17:34...processing table releases
2015-04-12 02:17:35...creating table releases
2015-04-12 02:17:35...creating Relationship Meta for Release
2015-04-12 02:17:35...processing table emailman
2015-04-12 02:17:35...creating table emailman
2015-04-12 02:17:35...creating Relationship Meta for EmailMan
2015-04-12 02:17:35...processing table schedulers
2015-04-12 02:17:35...creating table schedulers
2015-04-12 02:17:35...creating Relationship Meta for Scheduler
2015-04-12 02:17:35...processing table job_queue
2015-04-12 02:17:35...creating table job_queue
2015-04-12 02:17:35...creating Relationship Meta for SchedulersJob
2015-04-12 02:17:35...processing table contacts
2015-04-12 02:17:36...creating table contacts
2015-04-12 02:17:36...creating Relationship Meta for Contact
2015-04-12 02:17:36...processing table accounts
2015-04-12 02:17:36...creating table accounts
2015-04-12 02:17:36...creating Relationship Meta for Account
2015-04-12 02:17:36...processing table opportunities
2015-04-12 02:17:37...creating table opportunities
2015-04-12 02:17:37...creating Relationship Meta for Opportunity
2015-04-12 02:17:37...processing table email_templates
2015-04-12 02:17:38...creating table email_templates
2015-04-12 02:17:38...creating Relationship Meta for EmailTemplate
2015-04-12 02:17:38...processing table notes
2015-04-12 02:17:38...creating table notes
2015-04-12 02:17:38...creating Relationship Meta for Note
2015-04-12 02:17:38...processing table calls
2015-04-12 02:17:38...creating table calls
2015-04-12 02:17:38...creating Relationship Meta for Call
2015-04-12 02:17:38...processing table emails
2015-04-12 02:17:38...creating table emails
2015-04-12 02:17:38...creating Relationship Meta for Email
2015-04-12 02:17:39...processing table meetings
2015-04-12 02:17:39...creating table meetings
2015-04-12 02:17:39...creating Relationship Meta for Meeting
2015-04-12 02:17:39...processing table tasks
2015-04-12 02:17:39...creating table tasks
2015-04-12 02:17:39...creating Relationship Meta for Task
2015-04-12 02:17:39...processing table users
2015-04-12 02:17:39...processing table users
2015-04-12 02:17:39...processing table currencies
2015-04-12 02:17:40...creating table currencies
2015-04-12 02:17:40...creating Relationship Meta for Currency
2015-04-12 02:17:40...processing table tracker
2015-04-12 02:17:40...creating table tracker
2015-04-12 02:17:40...creating Relationship Meta for Tracker
2015-04-12 02:17:40...processing table import_maps
2015-04-12 02:17:40...creating table import_maps
2015-04-12 02:17:40...creating Relationship Meta for ImportMap
2015-04-12 02:17:40...processing table users_last_import
2015-04-12 02:17:40...creating table users_last_import
2015-04-12 02:17:40...creating Relationship Meta for UsersLastImport
2015-04-12 02:17:40...processing table config
2015-04-12 02:17:41...creating table config
2015-04-12 02:17:41...creating Relationship Meta for Administration
2015-04-12 02:17:41...processing table upgrade_history
2015-04-12 02:17:41...creating table upgrade_history
2015-04-12 02:17:41...creating Relationship Meta for UpgradeHistory
2015-04-12 02:17:41...processing table vcals
2015-04-12 02:17:41...creating table vcals
2015-04-12 02:17:41...creating Relationship Meta for vCal
2015-04-12 02:17:41...processing table versions
2015-04-12 02:17:41...creating table versions
2015-04-12 02:17:41...creating Relationship Meta for Version
2015-04-12 02:17:41...processing table roles
2015-04-12 02:17:42...creating table roles
2015-04-12 02:17:42...creating Relationship Meta for Role
2015-04-12 02:17:42...processing table documents
2015-04-12 02:17:42...creating table documents
2015-04-12 02:17:42...creating Relationship Meta for Document
2015-04-12 02:17:42...processing table document_revisions
2015-04-12 02:17:42...creating table document_revisions
2015-04-12 02:17:42...creating Relationship Meta for DocumentRevision
2015-04-12 02:17:42...processing table fields_meta_data
2015-04-12 02:17:43...creating table fields_meta_data
2015-04-12 02:17:43...creating Relationship Meta for FieldsMetaData
2015-04-12 02:17:43...processing table inbound_email
2015-04-12 02:17:43...creating table inbound_email
2015-04-12 02:17:43...creating Relationship Meta for InboundEmail
2015-04-12 02:17:43...processing table saved_search
2015-04-12 02:17:43...creating table saved_search
2015-04-12 02:17:43...creating Relationship Meta for SavedSearch
2015-04-12 02:17:43...processing table user_preferences
2015-04-12 02:17:43...creating table user_preferences
2015-04-12 02:17:43...creating Relationship Meta for UserPreference
2015-04-12 02:17:43...processing table 
2015-04-12 02:17:43...processing table email_addresses
2015-04-12 02:17:44...creating table email_addresses
2015-04-12 02:17:44...creating Relationship Meta for EmailAddress
2015-04-12 02:17:44...processing table emails_text
2015-04-12 02:17:44...creating table emails_text
2015-04-12 02:17:44...creating Relationship Meta for EmailText
2015-04-12 02:17:44...processing table sugarfeed
2015-04-12 02:17:44...creating table sugarfeed
2015-04-12 02:17:44...creating Relationship Meta for SugarFeed
2015-04-12 02:17:44...processing table eapm
2015-04-12 02:17:44...creating table eapm
2015-04-12 02:17:44...creating Relationship Meta for EAPM
2015-04-12 02:17:44...processing table oauth_consumer
2015-04-12 02:17:45...creating table oauth_consumer
2015-04-12 02:17:45...creating Relationship Meta for OAuthKey
2015-04-12 02:17:45...processing table oauth_tokens
2015-04-12 02:17:45...creating table oauth_tokens
2015-04-12 02:17:45...creating Relationship Meta for OAuthToken
2015-04-12 02:18:00...Begin creating Defaults
2015-04-12 02:18:00...insert defaults into config table
2015-04-12 02:18:00...Creating default users
2015-04-12 02:18:00...Creating default scheduler jobs
2015-04-12 02:18:00...Enable SugarFeeds
2015-04-12 02:18:00...Enable InsideView Connector
2015-04-12 02:18:00...Creating FTS logic hook
2015-04-12 02:18:00...populating the db with seed data
2015-04-12 02:18:00...Installation has completed *********
2015-04-12 02:18:07...installerHook: Could not find custom/install/install_hooks.php
2015-04-12 02:18:13...installerHook: Could not find custom/install/install_hooks.php