Sun Apr 12 04:20:22 2015 [6789][1][FATAL] IP Address mismatch: SESSION IP: ::1 CLIENT IP: 127.0.0.1
Sun Apr 12 04:24:45 2015 [6818][1][FATAL]  Query Failed: 
		SELECT *
		FROM asol_task
		WHERE task_type = 'php_custom' AND deleted = 0
	: MySQL error 1146: Table 'fzglsys.asol_task' doesn't exist
Sun Apr 12 04:43:54 2015 [6818][1][FATAL] ERROR: rmdir_recursive(): argument  is not a file or a dir.
Sun Apr 12 04:57:09 2015 [6788][1][FATAL]  Query Failed: SELECT id, name FROM asol_notificationemails WHERE deleted=0 AND status='active' ORDER BY name: MySQL error 1146: Table 'fzglsys.asol_notificationemails' doesn't exist
Sun Apr 12 04:57:59 2015 [8794][1][FATAL]  Query Failed: SELECT id, name FROM asol_notificationemails WHERE deleted=0 AND status='active' ORDER BY name: MySQL error 1146: Table 'fzglsys.asol_notificationemails' doesn't exist
Sun Apr 12 05:07:51 2015 [8508][1][FATAL]  Query Failed: SELECT id, name FROM asol_notificationemails WHERE deleted=0 AND status='active' ORDER BY name: MySQL error 1146: Table 'fzglsys.asol_notificationemails' doesn't exist
Sun Apr 12 05:08:46 2015 [7108][1][FATAL]  Query Failed: SELECT id, name FROM asol_notificationemails WHERE deleted=0 AND status='active' ORDER BY name: MySQL error 1146: Table 'fzglsys.asol_notificationemails' doesn't exist
Sun Apr 12 05:09:00 2015 [7027][1][FATAL]  Query Failed: SELECT id, name FROM asol_notificationemails WHERE deleted=0 AND status='active' ORDER BY name: MySQL error 1146: Table 'fzglsys.asol_notificationemails' doesn't exist
Sun Apr 12 05:09:53 2015 [8732][1][FATAL]  Query Failed: SELECT id, name FROM asol_notificationemails WHERE deleted=0 AND status='active' ORDER BY name: MySQL error 1146: Table 'fzglsys.asol_notificationemails' doesn't exist
Sun Apr 12 05:12:06 2015 [7027][1][FATAL]  Query Failed: SELECT id, name FROM asol_notificationemails WHERE deleted=0 AND status='active' ORDER BY name: MySQL error 1146: Table 'fzglsys.asol_notificationemails' doesn't exist
Sun Apr 12 05:12:19 2015 [7016][1][FATAL]  Query Failed: SELECT id, name FROM asol_notificationemails WHERE deleted=0 AND status='active' ORDER BY name: MySQL error 1146: Table 'fzglsys.asol_notificationemails' doesn't exist
Mon Apr 13 04:32:11 2015 [1040][-none-][FATAL] SECURITY: User authentication for admin failed
Mon Apr 13 04:32:12 2015 [1040][-none-][FATAL] FAILED LOGIN:attempts[1] - admin
Mon Apr 13 09:37:07 2015 [13527][1][FATAL] IP Address mismatch: SESSION IP: ::1 CLIENT IP: 127.0.0.1
Mon Apr 13 10:55:34 2015 [1201][1][FATAL] SugarPHPMailer encountered an error: The following From address failed: do_not_reply@example.com
Mon Apr 13 10:56:19 2015 [1202][1][FATAL] SugarPHPMailer encountered an error: The following From address failed: do_not_reply@example.com
Mon Apr 13 10:56:19 2015 [1202][1][FATAL] Notifications: error sending e-mail (method: smtp), (error: The following From address failed: do_not_reply@example.com<p>SMTP server error: Mail from must equal authorized user
</p>
)
Mon Apr 13 11:17:46 2015 [1197][1][FATAL]  Query Failed: SELECT id, name FROM asol_notificationemails WHERE deleted=0 AND status='active' ORDER BY name: MySQL error 1146: Table 'fzglsys.asol_notificationemails' doesn't exist
Mon Apr 13 14:59:16 2015 [1025][1][FATAL] SugarPHPMailer encountered an error: The following From address failed: do_not_reply@example.com
Mon Apr 13 14:59:16 2015 [1025][1][FATAL] Notifications: error sending e-mail (method: smtp), (error: The following From address failed: do_not_reply@example.com<p>SMTP server error: Mail from must equal authorized user
</p>
)
Mon Apr 13 15:02:26 2015 [1263][-none-][FATAL] SugarPHPMailer encountered an error: The following From address failed: do_not_reply@example.com
Mon Apr 13 15:03:41 2015 [1025][1][FATAL] SugarPHPMailer encountered an error: The following From address failed: do_not_reply@example.com
Tue Apr 14 07:46:14 2015 [2206][1][FATAL]  Query Failed: SELECT id, name FROM asol_notificationemails WHERE deleted=0 AND status='active' ORDER BY name: MySQL error 1146: Table 'fzglsys.asol_notificationemails' doesn't exist
Tue Apr 14 07:46:39 2015 [2208][1][FATAL]  Query Failed: SELECT id, name FROM asol_notificationemails WHERE deleted=0 AND status='active' ORDER BY name: MySQL error 1146: Table 'fzglsys.asol_notificationemails' doesn't exist
Tue Apr 14 07:53:50 2015 [1864][1][FATAL]  Query Failed: SELECT id, name FROM asol_notificationemails WHERE deleted=0 AND status='active' ORDER BY name: MySQL error 1146: Table 'fzglsys.asol_notificationemails' doesn't exist
Tue Apr 14 07:56:57 2015 [1867][1][FATAL]  Query Failed: SELECT id, name FROM asol_notificationemails WHERE deleted=0 AND status='active' ORDER BY name: MySQL error 1146: Table 'fzglsys.asol_notificationemails' doesn't exist
Tue Apr 14 07:57:01 2015 [17250][1][FATAL]  Query Failed: SELECT id, name FROM asol_notificationemails WHERE deleted=0 AND status='active' ORDER BY name: MySQL error 1146: Table 'fzglsys.asol_notificationemails' doesn't exist
Tue Apr 14 07:58:46 2015 [17354][1][FATAL]  Query Failed: SELECT id, name FROM asol_notificationemails WHERE deleted=0 AND status='active' ORDER BY name: MySQL error 1146: Table 'fzglsys.asol_notificationemails' doesn't exist
Tue Apr 14 07:58:52 2015 [1865][1][FATAL]  Query Failed: SELECT id, name FROM asol_notificationemails WHERE deleted=0 AND status='active' ORDER BY name: MySQL error 1146: Table 'fzglsys.asol_notificationemails' doesn't exist
Tue Apr 14 07:58:59 2015 [1864][1][FATAL]  Query Failed: SELECT id, name FROM asol_notificationemails WHERE deleted=0 AND status='active' ORDER BY name: MySQL error 1146: Table 'fzglsys.asol_notificationemails' doesn't exist
Tue Apr 14 08:01:44 2015 [2201][1][FATAL]  Query Failed: SELECT id, name FROM asol_notificationemails WHERE deleted=0 AND status='active' ORDER BY name: MySQL error 1146: Table 'fzglsys.asol_notificationemails' doesn't exist
Tue Apr 14 08:01:49 2015 [2201][1][FATAL]  Query Failed: SELECT id, name FROM asol_notificationemails WHERE deleted=0 AND status='active' ORDER BY name: MySQL error 1146: Table 'fzglsys.asol_notificationemails' doesn't exist
Tue Apr 14 08:01:55 2015 [1864][1][FATAL]  Query Failed: SELECT id, name FROM asol_notificationemails WHERE deleted=0 AND status='active' ORDER BY name: MySQL error 1146: Table 'fzglsys.asol_notificationemails' doesn't exist
Tue Apr 14 08:04:26 2015 [17697][1][FATAL]  Query Failed: SELECT id, name FROM asol_notificationemails WHERE deleted=0 AND status='active' ORDER BY name: MySQL error 1146: Table 'fzglsys.asol_notificationemails' doesn't exist
Tue Apr 14 08:04:31 2015 [17697][1][FATAL]  Query Failed: SELECT id, name FROM asol_notificationemails WHERE deleted=0 AND status='active' ORDER BY name: MySQL error 1146: Table 'fzglsys.asol_notificationemails' doesn't exist
Tue Apr 14 08:04:37 2015 [17698][1][FATAL]  Query Failed: SELECT id, name FROM asol_notificationemails WHERE deleted=0 AND status='active' ORDER BY name: MySQL error 1146: Table 'fzglsys.asol_notificationemails' doesn't exist
Tue Apr 14 08:04:53 2015 [17699][1][FATAL]  Query Failed: SELECT id, name FROM asol_notificationemails WHERE deleted=0 AND status='active' ORDER BY name: MySQL error 1146: Table 'fzglsys.asol_notificationemails' doesn't exist
Tue Apr 14 08:05:04 2015 [17700][1][FATAL]  Query Failed: SELECT id, name FROM asol_notificationemails WHERE deleted=0 AND status='active' ORDER BY name: MySQL error 1146: Table 'fzglsys.asol_notificationemails' doesn't exist
Tue Apr 14 08:06:14 2015 [17701][1][FATAL]  Query Failed: SELECT id, name FROM asol_notificationemails WHERE deleted=0 AND status='active' ORDER BY name: MySQL error 1146: Table 'fzglsys.asol_notificationemails' doesn't exist
Tue Apr 14 08:06:19 2015 [17701][1][FATAL]  Query Failed: SELECT id, name FROM asol_notificationemails WHERE deleted=0 AND status='active' ORDER BY name: MySQL error 1146: Table 'fzglsys.asol_notificationemails' doesn't exist
Thu Apr 16 08:48:23 2015 [41445][1][FATAL] Failed to load original or custom subpanel data for kbdocuments in modules/KBDocuments/metadata/subpanels/default.php
Thu Apr 16 08:56:18 2015 [43206][1][FATAL] Failed to load original or custom subpanel data for kbdocuments in modules/KBDocuments/metadata/subpanels/default.php
Thu Apr 16 09:01:07 2015 [41445][1][FATAL] Failed to load original or custom subpanel data for kbdocuments in modules/KBDocuments/metadata/subpanels/default.php
Thu Apr 16 09:08:14 2015 [12181][1][FATAL] Failed to load original or custom subpanel data for kbdocuments in modules/KBDocuments/metadata/subpanels/default.php
Thu Apr 16 09:14:31 2015 [43206][1][FATAL] Failed to load original or custom subpanel data for kbdocuments in modules/KBDocuments/metadata/subpanels/default.php
Thu Apr 16 09:26:53 2015 [43206][1][FATAL]  Query Failed: ALTER TABLE users_cstm drop COLUMN parent_name: MySQL error 1091: Can't DROP 'parent_name'; check that column/key exists
Thu Apr 16 10:35:04 2015 [51014][1][FATAL] Failed to load original or custom subpanel data for kbdocuments in modules/KBDocuments/metadata/subpanels/default.php
Thu Apr 16 11:02:30 2015 [12181][1][FATAL] Failed to load original or custom subpanel data for kbdocuments in modules/KBDocuments/metadata/subpanels/default.php
Thu Apr 16 11:04:04 2015 [51014][1][FATAL] Failed to load original or custom subpanel data for kbdocuments in modules/KBDocuments/metadata/subpanels/default.php
Thu Apr 16 11:23:41 2015 [54472][1][FATAL] Failed to load original or custom subpanel data for kbdocuments in modules/KBDocuments/metadata/subpanels/default.php
Thu Apr 16 16:30:57 2015 [7571][1][FATAL] Failed to load original or custom subpanel data for kbdocuments in modules/KBDocuments/metadata/subpanels/default.php
